#
# A fatal error has been detected by the Java Runtime Environment:
#
#  EXCEPTION_INT_DIVIDE_BY_ZERO (0xc0000094) at pc=0x00007fffebcc711a, pid=16452, tid=14560
#
# JRE version: OpenJDK Runtime Environment Temurin-17.0.2+8 (17.0.2+8) (build 17.0.2+8)
# Java VM: OpenJDK 64-Bit Server VM Temurin-17.0.2+8 (17.0.2+8, mixed mode, tiered, compressed oops, compressed class ptrs, g1 gc, windows-amd64)
# Problematic frame:
# C  [javajpeg.dll+0x711a]
#
# No core dump will be written. Minidumps are not enabled by default on client versions of Windows
#
# If you would like to submit a bug report, please visit:
#   https://github.com/adoptium/adoptium-support/issues
# The crash happened outside the Java Virtual Machine in native code.
# See problematic frame for where to report the bug.
#

---------------  S U M M A R Y ------------

Command Line: -Dfile.encoding=UTF-8 -XX:+ShowCodeDetailsInExceptionMessages BMPToJPG

Host: Intel(R) Core(TM) i5-9600KF CPU @ 3.70GHz, 6 cores, 15G,  Windows 10 , 64 bit Build 19041 (10.0.19041.1706)
Time: Sat May 14 09:11:23 2022 Pacific Daylight Time elapsed time: 20.580576 seconds (0d 0h 0m 20s)

---------------  T H R E A D  ---------------

Current thread (0x00000276ffe76c70):  JavaThread "AWT-EventQueue-0" [_thread_in_native, id=14560, stack(0x000000c5ad000000,0x000000c5ad100000)]

Stack: [0x000000c5ad000000,0x000000c5ad100000],  sp=0x000000c5ad0fd890,  free space=1014k
Native frames: (J=compiled Java code, j=interpreted, Vv=VM code, C=native code)
C  [javajpeg.dll+0x711a]

Java frames: (J=compiled Java code, j=interpreted, Vv=VM code)
j  com.sun.imageio.plugins.jpeg.JPEGImageWriter.writeImage(J[BIII[IIIIII[Ljavax/imageio/plugins/jpeg/JPEGQTable;Z[Ljavax/imageio/plugins/jpeg/JPEGHuffmanTable;[Ljavax/imageio/plugins/jpeg/JPEGHuffmanTable;ZZZI[I[I[I[I[IZI)Z+0 java.desktop@17.0.2
j  com.sun.imageio.plugins.jpeg.JPEGImageWriter.writeOnThread(Ljavax/imageio/metadata/IIOMetadata;Ljavax/imageio/IIOImage;Ljavax/imageio/ImageWriteParam;)V+2904 java.desktop@17.0.2
j  com.sun.imageio.plugins.jpeg.JPEGImageWriter.write(Ljavax/imageio/metadata/IIOMetadata;Ljavax/imageio/IIOImage;Ljavax/imageio/ImageWriteParam;)V+15 java.desktop@17.0.2
j  BMPToJPG.outputPhoto()V+340
j  BMPToJPG$1.actionPerformed(Ljava/awt/event/ActionEvent;)V+4
j  javax.swing.AbstractButton.fireActionPerformed(Ljava/awt/event/ActionEvent;)V+84 java.desktop@17.0.2
j  javax.swing.AbstractButton$Handler.actionPerformed(Ljava/awt/event/ActionEvent;)V+5 java.desktop@17.0.2
j  javax.swing.DefaultButtonModel.fireActionPerformed(Ljava/awt/event/ActionEvent;)V+34 java.desktop@17.0.2
j  javax.swing.DefaultButtonModel.setPressed(Z)V+117 java.desktop@17.0.2
j  javax.swing.AbstractButton.doClick(I)V+60 java.desktop@17.0.2
j  javax.swing.plaf.basic.BasicMenuItemUI.doClick(Ljavax/swing/MenuSelectionManager;)V+47 java.desktop@17.0.2
j  javax.swing.plaf.basic.BasicMenuItemUI$Handler.mouseReleased(Ljava/awt/event/MouseEvent;)V+76 java.desktop@17.0.2
j  java.awt.Component.processMouseEvent(Ljava/awt/event/MouseEvent;)V+64 java.desktop@17.0.2
j  javax.swing.JComponent.processMouseEvent(Ljava/awt/event/MouseEvent;)V+23 java.desktop@17.0.2
j  java.awt.Component.processEvent(Ljava/awt/AWTEvent;)V+81 java.desktop@17.0.2
j  java.awt.Container.processEvent(Ljava/awt/AWTEvent;)V+18 java.desktop@17.0.2
j  java.awt.Component.dispatchEventImpl(Ljava/awt/AWTEvent;)V+496 java.desktop@17.0.2
j  java.awt.Container.dispatchEventImpl(Ljava/awt/AWTEvent;)V+42 java.desktop@17.0.2
j  java.awt.Component.dispatchEvent(Ljava/awt/AWTEvent;)V+2 java.desktop@17.0.2
j  java.awt.LightweightDispatcher.retargetMouseEvent(Ljava/awt/Component;ILjava/awt/event/MouseEvent;)V+349 java.desktop@17.0.2
j  java.awt.LightweightDispatcher.processMouseEvent(Ljava/awt/event/MouseEvent;)Z+155 java.desktop@17.0.2
j  java.awt.LightweightDispatcher.dispatchEvent(Ljava/awt/AWTEvent;)Z+50 java.desktop@17.0.2
j  java.awt.Container.dispatchEventImpl(Ljava/awt/AWTEvent;)V+12 java.desktop@17.0.2
j  java.awt.Window.dispatchEventImpl(Ljava/awt/AWTEvent;)V+19 java.desktop@17.0.2
J 1867 c1 java.awt.EventQueue.dispatchEventImpl(Ljava/awt/AWTEvent;Ljava/lang/Object;)V java.desktop@17.0.2 (136 bytes) @ 0x00000276ea0d1cb4 [0x00000276ea0d17e0+0x00000000000004d4]
J 1876 c1 java.awt.EventQueue$4.run()Ljava/lang/Void; java.desktop@17.0.2 (60 bytes) @ 0x00000276ea0d83a4 [0x00000276ea0d8260+0x0000000000000144]
j  java.awt.EventQueue$4.run()Ljava/lang/Object;+1 java.desktop@17.0.2
J 1476 c1 java.security.ProtectionDomain$JavaSecurityAccessImpl.doIntersectionPrivilege(Ljava/security/PrivilegedAction;Ljava/security/AccessControlContext;Ljava/security/AccessControlContext;)Ljava/lang/Object; java.base@17.0.2 (22 bytes) @ 0x00000276e9fd6134 [0x00000276e9fd5ea0+0x0000000000000294]
J 1815 c1 java.awt.EventQueue.dispatchEvent(Ljava/awt/AWTEvent;)V java.desktop@17.0.2 (80 bytes) @ 0x00000276ea0accec [0x00000276ea0ac1e0+0x0000000000000b0c]
J 1868 c1 java.awt.EventDispatchThread.pumpOneEventForFilters(I)V java.desktop@17.0.2 (113 bytes) @ 0x00000276ea0d47c4 [0x00000276ea0d4180+0x0000000000000644]
j  java.awt.EventDispatchThread.pumpEventsForFilter(ILjava/awt/Conditional;Ljava/awt/EventFilter;)V+35 java.desktop@17.0.2
j  java.awt.EventDispatchThread.pumpEventsForHierarchy(ILjava/awt/Conditional;Ljava/awt/Component;)V+11 java.desktop@17.0.2
j  java.awt.EventDispatchThread.pumpEvents(ILjava/awt/Conditional;)V+4 java.desktop@17.0.2
j  java.awt.EventDispatchThread.pumpEvents(Ljava/awt/Conditional;)V+3 java.desktop@17.0.2
j  java.awt.EventDispatchThread.run()V+9 java.desktop@17.0.2
v  ~StubRoutines::call_stub

siginfo: EXCEPTION_INT_DIVIDE_BY_ZERO (0xc0000094)


Register to memory mapping:

RIP=0x00007fffebcc711a javajpeg.dll
RAX=0x00000000000001d2 is an unknown value
RBX=0x000002768dd11978 points into unknown readable memory: 0x6c2f6176616a00f2 | f2 00 6a 61 76 61 2f 6c
RCX=0x00000000fffffe2e is an unknown value
RDX=0x0 is NULL
RSP=0x000000c5ad0fd890 is pointing into the stack for thread: 0x00000276ffe76c70
RBP=0x0000000000000002 is an unknown value
RSI=0x0 is NULL
RDI=0x00000276ff6830f0 points into unknown readable memory: 0x0000000000000008 | 08 00 00 00 00 00 00 00
R8 =0x0 is NULL
R9 =0x0000000000000001 is an unknown value
R10=0x0000000000009001 is an unknown value
R11=0x00000000fffc9e2f is an unknown value
R12=0x0 is NULL
R13=0x0 is NULL
R14=0x00007fffebcd93f0 javajpeg.dll
R15=0x00000276ff680fc0 points into unknown readable memory: 0x00000276ff685268 | 68 52 68 ff 76 02 00 00


Registers:
RAX=0x00000000000001d2, RBX=0x000002768dd11978, RCX=0x00000000fffffe2e, RDX=0x0000000000000000
RSP=0x000000c5ad0fd890, RBP=0x0000000000000002, RSI=0x0000000000000000, RDI=0x00000276ff6830f0
R8 =0x0000000000000000, R9 =0x0000000000000001, R10=0x0000000000009001, R11=0x00000000fffc9e2f
R12=0x0000000000000000, R13=0x0000000000000000, R14=0x00007fffebcd93f0, R15=0x00000276ff680fc0
RIP=0x00007fffebcc711a, EFLAGS=0x0000000000010206

Top of Stack: (sp=0x000000c5ad0fd890)
0x000000c5ad0fd890:   00000276ffe73540 0000000000000004
0x000000c5ad0fd8a0:   000002768dd11978 0000000000000002
0x000000c5ad0fd8b0:   fffffe2e0000078c ffffffd1ffffffeb
0x000000c5ad0fd8c0:   fffffff200000002 00000001fffffffc
0x000000c5ad0fd8d0:   00000023000000a2 00000004fffffffe
0x000000c5ad0fd8e0:   0000000a00000004 fffffffb00000002
0x000000c5ad0fd8f0:   fffffffffffffff4 fffffffe00000002
0x000000c5ad0fd900:   00000004fffffffc 0000000100000004
0x000000c5ad0fd910:   000000020000000a 0000000100000008
0x000000c5ad0fd920:   fffffffcfffffffe 00000005ffffffff
0x000000c5ad0fd930:   0000000300000004 00000004fffffffb
0x000000c5ad0fd940:   0000000100000002 fffffffc00000002
0x000000c5ad0fd950:   0000000a00000000 fffffffc00000007
0x000000c5ad0fd960:   00000005fffffffc 0000000200000003
0x000000c5ad0fd970:   fffffffffffffffe fffffffeffffffff
0x000000c5ad0fd980:   0000000400000002 00000003fffffffc 

Instructions: (pc=0x00007fffebcc711a)
0x00007fffebcc701a:   4a 06 83 c1 80 89 48 38 0f b6 4a 07 49 8b 10 83
0x00007fffebcc702a:   c1 80 89 48 3c 49 03 d1 0f b6 0a 83 c1 80 89 48
0x00007fffebcc703a:   40 0f b6 4a 01 83 c1 80 89 48 44 0f b6 4a 02 83
0x00007fffebcc704a:   c1 80 89 48 48 0f b6 4a 03 83 c1 80 89 48 4c 0f
0x00007fffebcc705a:   b6 4a 04 83 c1 80 89 48 50 0f b6 4a 05 83 c1 80
0x00007fffebcc706a:   89 48 54 0f b6 4a 06 83 c1 80 89 48 58 0f b6 4a
0x00007fffebcc707a:   07 49 8b 50 08 83 c1 80 49 03 d1 89 48 5c 0f b6
0x00007fffebcc708a:   0a 83 c1 80 4d 8d 40 20 89 48 60 48 8d 80 80 00
0x00007fffebcc709a:   00 00 0f b6 4a 01 83 c1 80 89 48 e4 0f b6 4a 02
0x00007fffebcc70aa:   83 c1 80 89 48 e8 0f b6 4a 03 83 c1 80 89 48 ec
0x00007fffebcc70ba:   0f b6 4a 04 83 c1 80 89 48 f0 0f b6 4a 05 83 c1
0x00007fffebcc70ca:   80 89 48 f4 0f b6 4a 06 83 c1 80 89 48 f8 0f b6
0x00007fffebcc70da:   4a 07 83 c1 80 89 48 fc 49 83 ea 01 0f 85 95 fe
0x00007fffebcc70ea:   ff ff 48 8d 4c 24 20 41 ff d6 45 33 c9 66 0f 1f
0x00007fffebcc70fa:   84 00 00 00 00 00 46 8b 04 8f 41 8b c0 42 8b 4c
0x00007fffebcc710a:   8c 20 d1 f8 85 c9 79 15 2b c1 41 3b c0 7c 08 99
0x00007fffebcc711a:   41 f7 f8 f7 d8 eb 17 33 c0 f7 d8 eb 11 03 c8 41
0x00007fffebcc712a:   3b c8 7c 08 8b c1 99 41 f7 f8 eb 02 33 c0 66 42
0x00007fffebcc713a:   89 04 4b 49 ff c1 49 83 f9 40 7c ba 48 83 eb 80
0x00007fffebcc714a:   83 c6 08 48 83 ed 01 0f 85 19 fe ff ff 4c 8b bc
0x00007fffebcc715a:   24 30 01 00 00 48 8b b4 24 38 01 00 00 48 8b ac
0x00007fffebcc716a:   24 68 01 00 00 48 8b 8c 24 20 01 00 00 48 33 cc
0x00007fffebcc717a:   e8 f1 99 01 00 48 81 c4 40 01 00 00 41 5e 5f 5b
0x00007fffebcc718a:   c3 cc cc cc cc cc 4c 8b dc 56 41 57 48 81 ec 78
0x00007fffebcc719a:   01 00 00 48 8b 05 64 0e 02 00 48 33 c4 48 89 84
0x00007fffebcc71aa:   24 30 01 00 00 48 8b 89 e8 01 00 00 48 63 42 10
0x00007fffebcc71ba:   4c 8b 79 38 48 8b 74 c1 40 8b 84 24 c0 01 00 00
0x00007fffebcc71ca:   8b 8c 24 b0 01 00 00 85 c0 0f 84 fa 04 00 00 49
0x00007fffebcc71da:   89 5b 10 48 8d 5c 24 20 49 89 6b e8 48 2b de 8b
0x00007fffebcc71ea:   ac 24 b8 01 00 00 49 89 7b e0 49 8d 79 7e 4d 89
0x00007fffebcc71fa:   63 d8 4d 8d 24 c8 4d 89 6b d0 41 bd 00 40 00 00
0x00007fffebcc720a:   4d 89 73 c8 44 8b f0 41 0f 29 73 b8 f3 0f 10 35 


Stack slot to memory mapping:
stack at sp + 0 slots: 0x00000276ffe73540 points into unknown readable memory: 0x00007fff00000002 | 02 00 00 00 ff 7f 00 00
stack at sp + 1 slots: 0x0000000000000004 is an unknown value
stack at sp + 2 slots: 0x000002768dd11978 points into unknown readable memory: 0x6c2f6176616a00f2 | f2 00 6a 61 76 61 2f 6c
stack at sp + 3 slots: 0x0000000000000002 is an unknown value
stack at sp + 4 slots: 0xfffffe2e0000078c is an unknown value
stack at sp + 5 slots: 0xffffffd1ffffffeb is an unknown value
stack at sp + 6 slots: 0xfffffff200000002 is an unknown value
stack at sp + 7 slots: 0x00000001fffffffc is an unknown value


---------------  P R O C E S S  ---------------

Threads class SMR info:
_java_thread_list=0x000002768dd13c40, length=18, elements={
0x00000276fe90e690, 0x00000276fe909d00, 0x00000276ff43ede0, 0x00000276ff4406b0,
0x00000276ff441710, 0x00000276ff4460d0, 0x00000276ff4469c0, 0x00000276ff45f530,
0x00000276ff471a30, 0x00000276ff5c7050, 0x00000276ff5ce5f0, 0x00000276ff877d70,
0x00000276ff878450, 0x00000276ff8ab260, 0x00000276ffe76c70, 0x00000276e611d010,
0x00000276ffebd010, 0x000002768da30e60
}

Java Threads: ( => current thread )
  0x00000276fe90e690 JavaThread "Reference Handler" daemon [_thread_blocked, id=1860, stack(0x000000c5abf00000,0x000000c5ac000000)]
  0x00000276fe909d00 JavaThread "Finalizer" daemon [_thread_blocked, id=2384, stack(0x000000c5ac000000,0x000000c5ac100000)]
  0x00000276ff43ede0 JavaThread "Signal Dispatcher" daemon [_thread_blocked, id=7452, stack(0x000000c5ac100000,0x000000c5ac200000)]
  0x00000276ff4406b0 JavaThread "Attach Listener" daemon [_thread_blocked, id=12800, stack(0x000000c5ac200000,0x000000c5ac300000)]
  0x00000276ff441710 JavaThread "Service Thread" daemon [_thread_blocked, id=11088, stack(0x000000c5ac300000,0x000000c5ac400000)]
  0x00000276ff4460d0 JavaThread "Monitor Deflation Thread" daemon [_thread_blocked, id=4320, stack(0x000000c5ac400000,0x000000c5ac500000)]
  0x00000276ff4469c0 JavaThread "C2 CompilerThread0" daemon [_thread_blocked, id=14096, stack(0x000000c5ac500000,0x000000c5ac600000)]
  0x00000276ff45f530 JavaThread "C1 CompilerThread0" daemon [_thread_blocked, id=10340, stack(0x000000c5ac600000,0x000000c5ac700000)]
  0x00000276ff471a30 JavaThread "Sweeper thread" daemon [_thread_blocked, id=3716, stack(0x000000c5ac700000,0x000000c5ac800000)]
  0x00000276ff5c7050 JavaThread "Notification Thread" daemon [_thread_blocked, id=15748, stack(0x000000c5ac800000,0x000000c5ac900000)]
  0x00000276ff5ce5f0 JavaThread "Common-Cleaner" daemon [_thread_blocked, id=15220, stack(0x000000c5aca00000,0x000000c5acb00000)]
  0x00000276ff877d70 JavaThread "Java2D Disposer" daemon [_thread_blocked, id=12792, stack(0x000000c5acb00000,0x000000c5acc00000)]
  0x00000276ff878450 JavaThread "AWT-Shutdown" [_thread_blocked, id=12712, stack(0x000000c5acc00000,0x000000c5acd00000)]
  0x00000276ff8ab260 JavaThread "AWT-Windows" daemon [_thread_in_native, id=17260, stack(0x000000c5acd00000,0x000000c5ace00000)]
=>0x00000276ffe76c70 JavaThread "AWT-EventQueue-0" [_thread_in_native, id=14560, stack(0x000000c5ad000000,0x000000c5ad100000)]
  0x00000276e611d010 JavaThread "DestroyJavaVM" [_thread_blocked, id=13804, stack(0x000000c5ab800000,0x000000c5ab900000)]
  0x00000276ffebd010 JavaThread "D3D Screen Updater" daemon [_thread_blocked, id=8208, stack(0x000000c5ad400000,0x000000c5ad500000)]
  0x000002768da30e60 JavaThread "TimerQueue" daemon [_thread_blocked, id=9832, stack(0x000000c5ad500000,0x000000c5ad600000)]

Other Threads:
  0x00000276ff40f6c0 VMThread "VM Thread" [stack: 0x000000c5abe00000,0x000000c5abf00000] [id=13452]
  0x00000276ff5c9d40 WatcherThread [stack: 0x000000c5ac900000,0x000000c5aca00000] [id=5704]
  0x00000276e616b590 GCTaskThread "GC Thread#0" [stack: 0x000000c5ab900000,0x000000c5aba00000] [id=2144]
  0x000002768e0eda40 GCTaskThread "GC Thread#1" [stack: 0x000000c5ad660000,0x000000c5ad760000] [id=3444]
  0x000002768e0edcf0 GCTaskThread "GC Thread#2" [stack: 0x000000c5ad760000,0x000000c5ad860000] [id=16124]
  0x000002768e0952c0 GCTaskThread "GC Thread#3" [stack: 0x000000c5ad860000,0x000000c5ad960000] [id=6500]
  0x000002768dc70d90 GCTaskThread "GC Thread#4" [stack: 0x000000c5ad960000,0x000000c5ada60000] [id=13552]
  0x000002768dc70830 GCTaskThread "GC Thread#5" [stack: 0x000000c5ada60000,0x000000c5adb60000] [id=18152]
  0x00000276e617d3a0 ConcurrentGCThread "G1 Main Marker" [stack: 0x000000c5aba00000,0x000000c5abb00000] [id=10016]
  0x00000276e617ddb0 ConcurrentGCThread "G1 Conc#0" [stack: 0x000000c5abb00000,0x000000c5abc00000] [id=17484]
  0x00000276e61e9b30 ConcurrentGCThread "G1 Refine#0" [stack: 0x000000c5abc00000,0x000000c5abd00000] [id=11596]
  0x00000276fe772b10 ConcurrentGCThread "G1 Service" [stack: 0x000000c5abd00000,0x000000c5abe00000] [id=11492]

Threads with active compile tasks:

VM state: not at safepoint (normal execution)

VM Mutex/Monitor currently owned by a thread: None

Heap address: 0x0000000701400000, size: 4076 MB, Compressed Oops mode: Zero based, Oop shift amount: 3

CDS archive(s) not mapped
Compressed class space mapped at: 0x0000000800000000-0x0000000840000000, reserved size: 1073741824
Narrow klass base: 0x0000000800000000, Narrow klass shift: 0, Narrow klass range: 0x40000000

GC Precious Log:
 CPUs: 6 total, 6 available
 Memory: 16303M
 Large Page Support: Disabled
 NUMA Support: Disabled
 Compressed Oops: Enabled (Zero based)
 Heap Region Size: 2M
 Heap Min Capacity: 8M
 Heap Initial Capacity: 256M
 Heap Max Capacity: 4076M
 Pre-touch: Disabled
 Parallel Workers: 6
 Concurrent Workers: 2
 Concurrent Refinement Workers: 6
 Periodic GC: Disabled

Heap:
 garbage-first heap   total 262144K, used 14984K [0x0000000701400000, 0x0000000800000000)
  region size 2048K, 5 young (10240K), 2 survivors (4096K)
 Metaspace       used 17835K, committed 18048K, reserved 1064960K
  class space    used 1826K, committed 1920K, reserved 1048576K

Heap Regions: E=young(eden), S=young(survivor), O=old, HS=humongous(starts), HC=humongous(continues), CS=collection set, F=free, OA=open archive, CA=closed archive, TAMS=top-at-mark-start (previous, next)
|   0|0x0000000701400000, 0x0000000701600000, 0x0000000701600000|100%|HS|  |TAMS 0x0000000701400000, 0x0000000701400000| Complete 
|   1|0x0000000701600000, 0x0000000701800000, 0x0000000701800000|100%|HC|  |TAMS 0x0000000701600000, 0x0000000701600000| Complete 
|   2|0x0000000701800000, 0x0000000701a00000, 0x0000000701a00000|100%|HS|  |TAMS 0x0000000701800000, 0x0000000701800000| Complete 
|   3|0x0000000701a00000, 0x0000000701c00000, 0x0000000701c00000|100%|HC|  |TAMS 0x0000000701a00000, 0x0000000701a00000| Complete 
|   4|0x0000000701c00000, 0x0000000701c00000, 0x0000000701e00000|  0%| F|  |TAMS 0x0000000701c00000, 0x0000000701c00000| Untracked 
|   5|0x0000000701e00000, 0x0000000701e00000, 0x0000000702000000|  0%| F|  |TAMS 0x0000000701e00000, 0x0000000701e00000| Untracked 
|   6|0x0000000702000000, 0x0000000702000000, 0x0000000702200000|  0%| F|  |TAMS 0x0000000702000000, 0x0000000702000000| Untracked 
|   7|0x0000000702200000, 0x0000000702200000, 0x0000000702400000|  0%| F|  |TAMS 0x0000000702200000, 0x0000000702200000| Untracked 
|   8|0x0000000702400000, 0x0000000702400000, 0x0000000702600000|  0%| F|  |TAMS 0x0000000702400000, 0x0000000702400000| Untracked 
|   9|0x0000000702600000, 0x0000000702600000, 0x0000000702800000|  0%| F|  |TAMS 0x0000000702600000, 0x0000000702600000| Untracked 
|  10|0x0000000702800000, 0x0000000702800000, 0x0000000702a00000|  0%| F|  |TAMS 0x0000000702800000, 0x0000000702800000| Untracked 
|  11|0x0000000702a00000, 0x0000000702a00000, 0x0000000702c00000|  0%| F|  |TAMS 0x0000000702a00000, 0x0000000702a00000| Untracked 
|  12|0x0000000702c00000, 0x0000000702c00000, 0x0000000702e00000|  0%| F|  |TAMS 0x0000000702c00000, 0x0000000702c00000| Untracked 
|  13|0x0000000702e00000, 0x0000000702e00000, 0x0000000703000000|  0%| F|  |TAMS 0x0000000702e00000, 0x0000000702e00000| Untracked 
|  14|0x0000000703000000, 0x0000000703000000, 0x0000000703200000|  0%| F|  |TAMS 0x0000000703000000, 0x0000000703000000| Untracked 
|  15|0x0000000703200000, 0x0000000703200000, 0x0000000703400000|  0%| F|  |TAMS 0x0000000703200000, 0x0000000703200000| Untracked 
|  16|0x0000000703400000, 0x0000000703400000, 0x0000000703600000|  0%| F|  |TAMS 0x0000000703400000, 0x0000000703400000| Untracked 
|  17|0x0000000703600000, 0x0000000703600000, 0x0000000703800000|  0%| F|  |TAMS 0x0000000703600000, 0x0000000703600000| Untracked 
|  18|0x0000000703800000, 0x0000000703800000, 0x0000000703a00000|  0%| F|  |TAMS 0x0000000703800000, 0x0000000703800000| Untracked 
|  19|0x0000000703a00000, 0x0000000703a00000, 0x0000000703c00000|  0%| F|  |TAMS 0x0000000703a00000, 0x0000000703a00000| Untracked 
|  20|0x0000000703c00000, 0x0000000703c00000, 0x0000000703e00000|  0%| F|  |TAMS 0x0000000703c00000, 0x0000000703c00000| Untracked 
|  21|0x0000000703e00000, 0x0000000703e00000, 0x0000000704000000|  0%| F|  |TAMS 0x0000000703e00000, 0x0000000703e00000| Untracked 
|  22|0x0000000704000000, 0x0000000704000000, 0x0000000704200000|  0%| F|  |TAMS 0x0000000704000000, 0x0000000704000000| Untracked 
|  23|0x0000000704200000, 0x0000000704200000, 0x0000000704400000|  0%| F|  |TAMS 0x0000000704200000, 0x0000000704200000| Untracked 
|  24|0x0000000704400000, 0x0000000704400000, 0x0000000704600000|  0%| F|  |TAMS 0x0000000704400000, 0x0000000704400000| Untracked 
|  25|0x0000000704600000, 0x0000000704600000, 0x0000000704800000|  0%| F|  |TAMS 0x0000000704600000, 0x0000000704600000| Untracked 
|  26|0x0000000704800000, 0x0000000704800000, 0x0000000704a00000|  0%| F|  |TAMS 0x0000000704800000, 0x0000000704800000| Untracked 
|  27|0x0000000704a00000, 0x0000000704a00000, 0x0000000704c00000|  0%| F|  |TAMS 0x0000000704a00000, 0x0000000704a00000| Untracked 
|  28|0x0000000704c00000, 0x0000000704c00000, 0x0000000704e00000|  0%| F|  |TAMS 0x0000000704c00000, 0x0000000704c00000| Untracked 
|  29|0x0000000704e00000, 0x0000000704e00000, 0x0000000705000000|  0%| F|  |TAMS 0x0000000704e00000, 0x0000000704e00000| Untracked 
|  30|0x0000000705000000, 0x0000000705000000, 0x0000000705200000|  0%| F|  |TAMS 0x0000000705000000, 0x0000000705000000| Untracked 
|  31|0x0000000705200000, 0x0000000705200000, 0x0000000705400000|  0%| F|  |TAMS 0x0000000705200000, 0x0000000705200000| Untracked 
|  32|0x0000000705400000, 0x0000000705400000, 0x0000000705600000|  0%| F|  |TAMS 0x0000000705400000, 0x0000000705400000| Untracked 
|  33|0x0000000705600000, 0x0000000705600000, 0x0000000705800000|  0%| F|  |TAMS 0x0000000705600000, 0x0000000705600000| Untracked 
|  34|0x0000000705800000, 0x0000000705800000, 0x0000000705a00000|  0%| F|  |TAMS 0x0000000705800000, 0x0000000705800000| Untracked 
|  35|0x0000000705a00000, 0x0000000705a00000, 0x0000000705c00000|  0%| F|  |TAMS 0x0000000705a00000, 0x0000000705a00000| Untracked 
|  36|0x0000000705c00000, 0x0000000705c00000, 0x0000000705e00000|  0%| F|  |TAMS 0x0000000705c00000, 0x0000000705c00000| Untracked 
|  37|0x0000000705e00000, 0x0000000705e00000, 0x0000000706000000|  0%| F|  |TAMS 0x0000000705e00000, 0x0000000705e00000| Untracked 
|  38|0x0000000706000000, 0x0000000706000000, 0x0000000706200000|  0%| F|  |TAMS 0x0000000706000000, 0x0000000706000000| Untracked 
|  39|0x0000000706200000, 0x0000000706200000, 0x0000000706400000|  0%| F|  |TAMS 0x0000000706200000, 0x0000000706200000| Untracked 
|  40|0x0000000706400000, 0x0000000706400000, 0x0000000706600000|  0%| F|  |TAMS 0x0000000706400000, 0x0000000706400000| Untracked 
|  41|0x0000000706600000, 0x0000000706600000, 0x0000000706800000|  0%| F|  |TAMS 0x0000000706600000, 0x0000000706600000| Untracked 
|  42|0x0000000706800000, 0x0000000706800000, 0x0000000706a00000|  0%| F|  |TAMS 0x0000000706800000, 0x0000000706800000| Untracked 
|  43|0x0000000706a00000, 0x0000000706a00000, 0x0000000706c00000|  0%| F|  |TAMS 0x0000000706a00000, 0x0000000706a00000| Untracked 
|  44|0x0000000706c00000, 0x0000000706c00000, 0x0000000706e00000|  0%| F|  |TAMS 0x0000000706c00000, 0x0000000706c00000| Untracked 
|  45|0x0000000706e00000, 0x0000000706e00000, 0x0000000707000000|  0%| F|  |TAMS 0x0000000706e00000, 0x0000000706e00000| Untracked 
|  46|0x0000000707000000, 0x0000000707000000, 0x0000000707200000|  0%| F|  |TAMS 0x0000000707000000, 0x0000000707000000| Untracked 
|  47|0x0000000707200000, 0x0000000707200000, 0x0000000707400000|  0%| F|  |TAMS 0x0000000707200000, 0x0000000707200000| Untracked 
|  48|0x0000000707400000, 0x0000000707400000, 0x0000000707600000|  0%| F|  |TAMS 0x0000000707400000, 0x0000000707400000| Untracked 
|  49|0x0000000707600000, 0x0000000707600000, 0x0000000707800000|  0%| F|  |TAMS 0x0000000707600000, 0x0000000707600000| Untracked 
|  50|0x0000000707800000, 0x0000000707800000, 0x0000000707a00000|  0%| F|  |TAMS 0x0000000707800000, 0x0000000707800000| Untracked 
|  51|0x0000000707a00000, 0x0000000707a00000, 0x0000000707c00000|  0%| F|  |TAMS 0x0000000707a00000, 0x0000000707a00000| Untracked 
|  52|0x0000000707c00000, 0x0000000707c00000, 0x0000000707e00000|  0%| F|  |TAMS 0x0000000707c00000, 0x0000000707c00000| Untracked 
|  53|0x0000000707e00000, 0x0000000707e00000, 0x0000000708000000|  0%| F|  |TAMS 0x0000000707e00000, 0x0000000707e00000| Untracked 
|  54|0x0000000708000000, 0x0000000708000000, 0x0000000708200000|  0%| F|  |TAMS 0x0000000708000000, 0x0000000708000000| Untracked 
|  55|0x0000000708200000, 0x0000000708200000, 0x0000000708400000|  0%| F|  |TAMS 0x0000000708200000, 0x0000000708200000| Untracked 
|  56|0x0000000708400000, 0x0000000708400000, 0x0000000708600000|  0%| F|  |TAMS 0x0000000708400000, 0x0000000708400000| Untracked 
|  57|0x0000000708600000, 0x0000000708600000, 0x0000000708800000|  0%| F|  |TAMS 0x0000000708600000, 0x0000000708600000| Untracked 
|  58|0x0000000708800000, 0x0000000708800000, 0x0000000708a00000|  0%| F|  |TAMS 0x0000000708800000, 0x0000000708800000| Untracked 
|  59|0x0000000708a00000, 0x0000000708a00000, 0x0000000708c00000|  0%| F|  |TAMS 0x0000000708a00000, 0x0000000708a00000| Untracked 
|  60|0x0000000708c00000, 0x0000000708c00000, 0x0000000708e00000|  0%| F|  |TAMS 0x0000000708c00000, 0x0000000708c00000| Untracked 
|  61|0x0000000708e00000, 0x0000000708e00000, 0x0000000709000000|  0%| F|  |TAMS 0x0000000708e00000, 0x0000000708e00000| Untracked 
|  62|0x0000000709000000, 0x0000000709000000, 0x0000000709200000|  0%| F|  |TAMS 0x0000000709000000, 0x0000000709000000| Untracked 
|  63|0x0000000709200000, 0x0000000709200000, 0x0000000709400000|  0%| F|  |TAMS 0x0000000709200000, 0x0000000709200000| Untracked 
|  64|0x0000000709400000, 0x0000000709400000, 0x0000000709600000|  0%| F|  |TAMS 0x0000000709400000, 0x0000000709400000| Untracked 
|  65|0x0000000709600000, 0x0000000709600000, 0x0000000709800000|  0%| F|  |TAMS 0x0000000709600000, 0x0000000709600000| Untracked 
|  66|0x0000000709800000, 0x0000000709800000, 0x0000000709a00000|  0%| F|  |TAMS 0x0000000709800000, 0x0000000709800000| Untracked 
|  67|0x0000000709a00000, 0x0000000709a00000, 0x0000000709c00000|  0%| F|  |TAMS 0x0000000709a00000, 0x0000000709a00000| Untracked 
|  68|0x0000000709c00000, 0x0000000709c00000, 0x0000000709e00000|  0%| F|  |TAMS 0x0000000709c00000, 0x0000000709c00000| Untracked 
|  69|0x0000000709e00000, 0x0000000709e00000, 0x000000070a000000|  0%| F|  |TAMS 0x0000000709e00000, 0x0000000709e00000| Untracked 
|  70|0x000000070a000000, 0x000000070a000000, 0x000000070a200000|  0%| F|  |TAMS 0x000000070a000000, 0x000000070a000000| Untracked 
|  71|0x000000070a200000, 0x000000070a200000, 0x000000070a400000|  0%| F|  |TAMS 0x000000070a200000, 0x000000070a200000| Untracked 
|  72|0x000000070a400000, 0x000000070a400000, 0x000000070a600000|  0%| F|  |TAMS 0x000000070a400000, 0x000000070a400000| Untracked 
|  73|0x000000070a600000, 0x000000070a600000, 0x000000070a800000|  0%| F|  |TAMS 0x000000070a600000, 0x000000070a600000| Untracked 
|  74|0x000000070a800000, 0x000000070a800000, 0x000000070aa00000|  0%| F|  |TAMS 0x000000070a800000, 0x000000070a800000| Untracked 
|  75|0x000000070aa00000, 0x000000070aa00000, 0x000000070ac00000|  0%| F|  |TAMS 0x000000070aa00000, 0x000000070aa00000| Untracked 
|  76|0x000000070ac00000, 0x000000070ac00000, 0x000000070ae00000|  0%| F|  |TAMS 0x000000070ac00000, 0x000000070ac00000| Untracked 
|  77|0x000000070ae00000, 0x000000070ae00000, 0x000000070b000000|  0%| F|  |TAMS 0x000000070ae00000, 0x000000070ae00000| Untracked 
|  78|0x000000070b000000, 0x000000070b000000, 0x000000070b200000|  0%| F|  |TAMS 0x000000070b000000, 0x000000070b000000| Untracked 
|  79|0x000000070b200000, 0x000000070b200000, 0x000000070b400000|  0%| F|  |TAMS 0x000000070b200000, 0x000000070b200000| Untracked 
|  80|0x000000070b400000, 0x000000070b400000, 0x000000070b600000|  0%| F|  |TAMS 0x000000070b400000, 0x000000070b400000| Untracked 
|  81|0x000000070b600000, 0x000000070b600000, 0x000000070b800000|  0%| F|  |TAMS 0x000000070b600000, 0x000000070b600000| Untracked 
|  82|0x000000070b800000, 0x000000070b800000, 0x000000070ba00000|  0%| F|  |TAMS 0x000000070b800000, 0x000000070b800000| Untracked 
|  83|0x000000070ba00000, 0x000000070ba00000, 0x000000070bc00000|  0%| F|  |TAMS 0x000000070ba00000, 0x000000070ba00000| Untracked 
|  84|0x000000070bc00000, 0x000000070bc00000, 0x000000070be00000|  0%| F|  |TAMS 0x000000070bc00000, 0x000000070bc00000| Untracked 
|  85|0x000000070be00000, 0x000000070be00000, 0x000000070c000000|  0%| F|  |TAMS 0x000000070be00000, 0x000000070be00000| Untracked 
|  86|0x000000070c000000, 0x000000070c000000, 0x000000070c200000|  0%| F|  |TAMS 0x000000070c000000, 0x000000070c000000| Untracked 
|  87|0x000000070c200000, 0x000000070c200000, 0x000000070c400000|  0%| F|  |TAMS 0x000000070c200000, 0x000000070c200000| Untracked 
|  88|0x000000070c400000, 0x000000070c400000, 0x000000070c600000|  0%| F|  |TAMS 0x000000070c400000, 0x000000070c400000| Untracked 
|  89|0x000000070c600000, 0x000000070c600000, 0x000000070c800000|  0%| F|  |TAMS 0x000000070c600000, 0x000000070c600000| Untracked 
|  90|0x000000070c800000, 0x000000070c800000, 0x000000070ca00000|  0%| F|  |TAMS 0x000000070c800000, 0x000000070c800000| Untracked 
|  91|0x000000070ca00000, 0x000000070ca00000, 0x000000070cc00000|  0%| F|  |TAMS 0x000000070ca00000, 0x000000070ca00000| Untracked 
|  92|0x000000070cc00000, 0x000000070cc00000, 0x000000070ce00000|  0%| F|  |TAMS 0x000000070cc00000, 0x000000070cc00000| Untracked 
|  93|0x000000070ce00000, 0x000000070ce00000, 0x000000070d000000|  0%| F|  |TAMS 0x000000070ce00000, 0x000000070ce00000| Untracked 
|  94|0x000000070d000000, 0x000000070d000000, 0x000000070d200000|  0%| F|  |TAMS 0x000000070d000000, 0x000000070d000000| Untracked 
|  95|0x000000070d200000, 0x000000070d200000, 0x000000070d400000|  0%| F|  |TAMS 0x000000070d200000, 0x000000070d200000| Untracked 
|  96|0x000000070d400000, 0x000000070d400000, 0x000000070d600000|  0%| F|  |TAMS 0x000000070d400000, 0x000000070d400000| Untracked 
|  97|0x000000070d600000, 0x000000070d600000, 0x000000070d800000|  0%| F|  |TAMS 0x000000070d600000, 0x000000070d600000| Untracked 
|  98|0x000000070d800000, 0x000000070d800000, 0x000000070da00000|  0%| F|  |TAMS 0x000000070d800000, 0x000000070d800000| Untracked 
|  99|0x000000070da00000, 0x000000070da00000, 0x000000070dc00000|  0%| F|  |TAMS 0x000000070da00000, 0x000000070da00000| Untracked 
| 100|0x000000070dc00000, 0x000000070dc00000, 0x000000070de00000|  0%| F|  |TAMS 0x000000070dc00000, 0x000000070dc00000| Untracked 
| 101|0x000000070de00000, 0x000000070de00000, 0x000000070e000000|  0%| F|  |TAMS 0x000000070de00000, 0x000000070de00000| Untracked 
| 102|0x000000070e000000, 0x000000070e000000, 0x000000070e200000|  0%| F|  |TAMS 0x000000070e000000, 0x000000070e000000| Untracked 
| 103|0x000000070e200000, 0x000000070e200000, 0x000000070e400000|  0%| F|  |TAMS 0x000000070e200000, 0x000000070e200000| Untracked 
| 104|0x000000070e400000, 0x000000070e400000, 0x000000070e600000|  0%| F|  |TAMS 0x000000070e400000, 0x000000070e400000| Untracked 
| 105|0x000000070e600000, 0x000000070e600000, 0x000000070e800000|  0%| F|  |TAMS 0x000000070e600000, 0x000000070e600000| Untracked 
| 106|0x000000070e800000, 0x000000070e800000, 0x000000070ea00000|  0%| F|  |TAMS 0x000000070e800000, 0x000000070e800000| Untracked 
| 107|0x000000070ea00000, 0x000000070ea00000, 0x000000070ec00000|  0%| F|  |TAMS 0x000000070ea00000, 0x000000070ea00000| Untracked 
| 108|0x000000070ec00000, 0x000000070ec00000, 0x000000070ee00000|  0%| F|  |TAMS 0x000000070ec00000, 0x000000070ec00000| Untracked 
| 109|0x000000070ee00000, 0x000000070ee00000, 0x000000070f000000|  0%| F|  |TAMS 0x000000070ee00000, 0x000000070ee00000| Untracked 
| 110|0x000000070f000000, 0x000000070f000000, 0x000000070f200000|  0%| F|  |TAMS 0x000000070f000000, 0x000000070f000000| Untracked 
| 111|0x000000070f200000, 0x000000070f200000, 0x000000070f400000|  0%| F|  |TAMS 0x000000070f200000, 0x000000070f200000| Untracked 
| 112|0x000000070f400000, 0x000000070f400000, 0x000000070f600000|  0%| F|  |TAMS 0x000000070f400000, 0x000000070f400000| Untracked 
| 113|0x000000070f600000, 0x000000070f600000, 0x000000070f800000|  0%| F|  |TAMS 0x000000070f600000, 0x000000070f600000| Untracked 
| 114|0x000000070f800000, 0x000000070f800000, 0x000000070fa00000|  0%| F|  |TAMS 0x000000070f800000, 0x000000070f800000| Untracked 
| 115|0x000000070fa00000, 0x000000070fa00000, 0x000000070fc00000|  0%| F|  |TAMS 0x000000070fa00000, 0x000000070fa00000| Untracked 
| 116|0x000000070fc00000, 0x000000070fca2010, 0x000000070fe00000| 31%| S|CS|TAMS 0x000000070fc00000, 0x000000070fc00000| Complete 
| 117|0x000000070fe00000, 0x0000000710000000, 0x0000000710000000|100%| S|CS|TAMS 0x000000070fe00000, 0x000000070fe00000| Complete 
| 118|0x0000000710000000, 0x0000000710000000, 0x0000000710200000|  0%| F|  |TAMS 0x0000000710000000, 0x0000000710000000| Untracked 
| 119|0x0000000710200000, 0x0000000710200000, 0x0000000710400000|  0%| F|  |TAMS 0x0000000710200000, 0x0000000710200000| Untracked 
| 120|0x0000000710400000, 0x0000000710400000, 0x0000000710600000|  0%| F|  |TAMS 0x0000000710400000, 0x0000000710400000| Untracked 
| 121|0x0000000710600000, 0x0000000710600000, 0x0000000710800000|  0%| F|  |TAMS 0x0000000710600000, 0x0000000710600000| Untracked 
| 122|0x0000000710800000, 0x0000000710800000, 0x0000000710a00000|  0%| F|  |TAMS 0x0000000710800000, 0x0000000710800000| Untracked 
| 123|0x0000000710a00000, 0x0000000710a00000, 0x0000000710c00000|  0%| F|  |TAMS 0x0000000710a00000, 0x0000000710a00000| Untracked 
| 124|0x0000000710c00000, 0x0000000710c00000, 0x0000000710e00000|  0%| F|  |TAMS 0x0000000710c00000, 0x0000000710c00000| Untracked 
| 125|0x0000000710e00000, 0x0000000710ef1570, 0x0000000711000000| 47%| E|  |TAMS 0x0000000710e00000, 0x0000000710e00000| Complete 
| 126|0x0000000711000000, 0x0000000711200000, 0x0000000711200000|100%| E|CS|TAMS 0x0000000711000000, 0x0000000711000000| Complete 
| 127|0x0000000711200000, 0x0000000711400000, 0x0000000711400000|100%| E|CS|TAMS 0x0000000711200000, 0x0000000711200000| Complete 

Card table byte_map: [0x00000276f90f0000,0x00000276f98f0000] _byte_map_base: 0x00000276f58e6000

Marking Bits (Prev, Next): (CMBitMap*) 0x00000276e616cbb0, (CMBitMap*) 0x00000276e616cbf0
 Prev Bits: [0x00000276fa0f0000, 0x00000276fe0a0000)
 Next Bits: [0x0000027680000000, 0x0000027683fb0000)

Polling page: 0x00000276e40c0000

Metaspace:

Usage:
  Non-class:     15.63 MB used.
      Class:      1.78 MB used.
       Both:     17.42 MB used.

Virtual space:
  Non-class space:       16.00 MB reserved,      15.75 MB ( 98%) committed,  2 nodes.
      Class space:        1.00 GB reserved,       1.88 MB ( <1%) committed,  1 nodes.
             Both:        1.02 GB reserved,      17.62 MB (  2%) committed. 

Chunk freelists:
   Non-Class:  235.00 KB
       Class:  2.11 MB
        Both:  2.34 MB

MaxMetaspaceSize: unlimited
CompressedClassSpaceSize: 1.00 GB
Initial GC threshold: 21.00 MB
Current GC threshold: 21.00 MB
CDS: off
MetaspaceReclaimPolicy: balanced
 - commit_granule_bytes: 65536.
 - commit_granule_words: 8192.
 - virtual_space_node_default_size: 1048576.
 - enlarge_chunks_in_place: 1.
 - new_chunks_are_fully_committed: 0.
 - uncommit_free_chunks: 1.
 - use_allocation_guard: 0.
 - handle_deallocations: 1.


Internal statistics:

num_allocs_failed_limit: 0.
num_arena_births: 120.
num_arena_deaths: 0.
num_vsnodes_births: 3.
num_vsnodes_deaths: 0.
num_space_committed: 282.
num_space_uncommitted: 0.
num_chunks_returned_to_freelist: 0.
num_chunks_taken_from_freelist: 206.
num_chunk_merges: 0.
num_chunk_splits: 102.
num_chunks_enlarged: 42.
num_purges: 0.
num_inconsistent_stats: 0.

CodeHeap 'non-profiled nmethods': size=120000Kb used=668Kb max_used=668Kb free=119331Kb
 bounds [0x00000276f12b0000, 0x00000276f1520000, 0x00000276f87e0000]
CodeHeap 'profiled nmethods': size=120000Kb used=3664Kb max_used=3664Kb free=116335Kb
 bounds [0x00000276e9d80000, 0x00000276ea120000, 0x00000276f12b0000]
CodeHeap 'non-nmethods': size=5760Kb used=1299Kb max_used=1337Kb free=4460Kb
 bounds [0x00000276e97e0000, 0x00000276e9a50000, 0x00000276e9d80000]
 total_blobs=2634 nmethods=2001 adapters=545
 compilation: enabled
              stopped_count=0, restarted_count=0
 full_count=0

Compilation events (20 events):
Event: 20.190 Thread 0x00000276ff45f530 1992       1       javax.swing.AbstractButton::getVerticalAlignment (5 bytes)
Event: 20.190 Thread 0x00000276ff45f530 nmethod 1992 0x00000276f1356090 code [0x00000276f1356220, 0x00000276f13562f8]
Event: 20.323 Thread 0x00000276ff45f530 1993       1       sun.swing.MenuItemLayoutHelper$RectSize::getMaxWidth (5 bytes)
Event: 20.323 Thread 0x00000276ff45f530 nmethod 1993 0x00000276f1356390 code [0x00000276f1356520, 0x00000276f13565f8]
Event: 20.324 Thread 0x00000276ff45f530 1994       3       javax.swing.DefaultButtonModel::isArmed (15 bytes)
Event: 20.324 Thread 0x00000276ff45f530 nmethod 1994 0x00000276ea112990 code [0x00000276ea112b20, 0x00000276ea112c98]
Event: 20.506 Thread 0x00000276ff45f530 1995       1       java.util.IdentityHashMap::size (5 bytes)
Event: 20.506 Thread 0x00000276ff45f530 nmethod 1995 0x00000276f1356690 code [0x00000276f1356820, 0x00000276f13568f8]
Event: 20.523 Thread 0x00000276ff4469c0 1996       4       java.lang.String::getBytes (44 bytes)
Event: 20.524 Thread 0x00000276ff4469c0 nmethod 1996 0x00000276f1356990 code [0x00000276f1356b00, 0x00000276f1356c58]
Event: 20.573 Thread 0x00000276ff4469c0 1997       4       javax.swing.JComponent::getFlag (20 bytes)
Event: 20.573 Thread 0x00000276ff4469c0 nmethod 1997 0x00000276f1356d90 code [0x00000276f1356f00, 0x00000276f1356f98]
Event: 20.573 Thread 0x00000276ff45f530 1998       3       java.awt.EventQueue::isDispatchThread (9 bytes)
Event: 20.573 Thread 0x00000276ff45f530 nmethod 1998 0x00000276ea112d10 code [0x00000276ea112f00, 0x00000276ea1133b8]
Event: 20.574 Thread 0x00000276ff45f530 1999       3       javax.swing.text.GapContent::getString (35 bytes)
Event: 20.574 Thread 0x00000276ff45f530 nmethod 1999 0x00000276ea113590 code [0x00000276ea113760, 0x00000276ea113af8]
Event: 20.575 Thread 0x00000276ff45f530 2000       1       javax.imageio.metadata.IIOAttr::getNodeName (5 bytes)
Event: 20.575 Thread 0x00000276ff45f530 nmethod 2000 0x00000276f1357090 code [0x00000276f1357220, 0x00000276f13572f8]
Event: 20.575 Thread 0x00000276ff45f530 2001       3       sun.nio.fs.WindowsPathParser::isInvalidPathChar (22 bytes)
Event: 20.575 Thread 0x00000276ff45f530 nmethod 2001 0x00000276ea113c90 code [0x00000276ea113e60, 0x00000276ea1141a8]

GC Heap History (2 events):
Event: 8.464 GC heap before
{Heap before GC invocations=0 (full 0):
 garbage-first heap   total 262144K, used 28672K [0x0000000701400000, 0x0000000800000000)
  region size 2048K, 10 young (20480K), 0 survivors (0K)
 Metaspace       used 17425K, committed 17664K, reserved 1064960K
  class space    used 1774K, committed 1920K, reserved 1048576K
}
Event: 8.467 GC heap after
{Heap after GC invocations=1 (full 0):
 garbage-first heap   total 262144K, used 10888K [0x0000000701400000, 0x0000000800000000)
  region size 2048K, 2 young (4096K), 2 survivors (4096K)
 Metaspace       used 17425K, committed 17664K, reserved 1064960K
  class space    used 1774K, committed 1920K, reserved 1048576K
}

Deoptimization events (20 events):
Event: 18.176 Thread 0x00000276ffe76c70 DEOPT PACKING pc=0x00000276f1315d1c sp=0x000000c5ad0fdc40
Event: 18.176 Thread 0x00000276ffe76c70 DEOPT UNPACKING pc=0x00000276e98323a3 sp=0x000000c5ad0fdbd0 mode 2
Event: 18.179 Thread 0x00000276ffe76c70 Uncommon trap: trap_request=0xffffff45 fr.pc=0x00000276f1333ee0 relative=0x00000000000000c0
Event: 18.179 Thread 0x00000276ffe76c70 Uncommon trap: reason=unstable_if action=reinterpret pc=0x00000276f1333ee0 method=javax.swing.SwingUtilities.computeIntersection(IIIILjava/awt/Rectangle;)Ljava/awt/Rectangle; @ 34 c2
Event: 18.179 Thread 0x00000276ffe76c70 DEOPT PACKING pc=0x00000276f1333ee0 sp=0x000000c5ad0fdc30
Event: 18.179 Thread 0x00000276ffe76c70 DEOPT UNPACKING pc=0x00000276e98323a3 sp=0x000000c5ad0fdb90 mode 2
Event: 18.206 Thread 0x00000276ffe76c70 Uncommon trap: trap_request=0xffffff45 fr.pc=0x00000276f1342c9c relative=0x000000000000017c
Event: 18.206 Thread 0x00000276ffe76c70 Uncommon trap: reason=unstable_if action=reinterpret pc=0x00000276f1342c9c method=java.util.ArrayList.fastRemove([Ljava/lang/Object;I)V @ 19 c2
Event: 18.206 Thread 0x00000276ffe76c70 DEOPT PACKING pc=0x00000276f1342c9c sp=0x000000c5ad0fe0c0
Event: 18.206 Thread 0x00000276ffe76c70 DEOPT UNPACKING pc=0x00000276e98323a3 sp=0x000000c5ad0fe000 mode 2
Event: 18.206 Thread 0x00000276ffe76c70 Uncommon trap: trap_request=0xffffffde fr.pc=0x00000276f12cd734 relative=0x00000000000001b4
Event: 18.206 Thread 0x00000276ffe76c70 Uncommon trap: reason=class_check action=maybe_recompile pc=0x00000276f12cd734 method=java.lang.String.equals(Ljava/lang/Object;)Z @ 8 c2
Event: 18.206 Thread 0x00000276ffe76c70 DEOPT PACKING pc=0x00000276f12cd734 sp=0x000000c5ad0fdf50
Event: 18.206 Thread 0x00000276ffe76c70 DEOPT UNPACKING pc=0x00000276e98323a3 sp=0x000000c5ad0fdee8 mode 2
Event: 18.343 Thread 0x00000276ffe76c70 Uncommon trap: trap_request=0xffffff45 fr.pc=0x00000276f13331b4 relative=0x00000000000000b4
Event: 18.343 Thread 0x00000276ffe76c70 Uncommon trap: reason=unstable_if action=reinterpret pc=0x00000276f13331b4 method=java.awt.Component.inside(II)Z @ 1 c2
Event: 18.343 Thread 0x00000276ffe76c70 DEOPT PACKING pc=0x00000276f13331b4 sp=0x000000c5ad0fe4d0
Event: 18.343 Thread 0x00000276ffe76c70 DEOPT UNPACKING pc=0x00000276e98323a3 sp=0x000000c5ad0fe370 mode 2
Event: 20.576 Thread 0x00000276ffe76c70 DEOPT PACKING pc=0x00000276e9f1f6d0 sp=0x000000c5ad0fd200
Event: 20.576 Thread 0x00000276ffe76c70 DEOPT UNPACKING pc=0x00000276e9832b43 sp=0x000000c5ad0fc6b8 mode 0

Classes unloaded (0 events):
No events

Classes redefined (0 events):
No events

Internal exceptions (15 events):
Event: 0.102 Thread 0x00000276e611d010 Exception <a 'java/lang/ClassNotFoundException'{0x000000071138d520}: sun/awt/resources/spi/awtProvider> (0x000000071138d520) 
thrown [e:\jenkins\tmp\workspace\build\src\src\hotspot\share\classfile\systemDictionary.cpp, line 256]
Event: 0.125 Thread 0x00000276e611d010 Exception <a 'java/io/FileNotFoundException'{0x00000007113e7d68}> (0x00000007113e7d68) 
thrown [e:\jenkins\tmp\workspace\build\src\src\hotspot\share\prims\jni.cpp, line 516]
Event: 0.130 Thread 0x00000276e611d010 Exception <a 'java/io/FileNotFoundException'{0x0000000711015160}> (0x0000000711015160) 
thrown [e:\jenkins\tmp\workspace\build\src\src\hotspot\share\prims\jni.cpp, line 516]
Event: 0.159 Thread 0x00000276e611d010 Exception <a 'java/lang/NoSuchMethodError'{0x00000007110558b8}: 'java.lang.Object java.lang.invoke.DirectMethodHandle$Holder.invokeStaticInit(java.lang.Object)'> (0x00000007110558b8) 
thrown [e:\jenkins\tmp\workspace\build\src\src\hotspot\share\interpreter\linkResolver.cpp, line 766]
Event: 0.267 Thread 0x00000276e611d010 Exception <a 'java/lang/NoSuchMethodError'{0x0000000711106f00}: 'void java.lang.invoke.DirectMethodHandle$Holder.invokeSpecial(java.lang.Object, java.lang.Object, java.lang.Object)'> (0x0000000711106f00) 
thrown [e:\jenkins\tmp\workspace\build\src\src\hotspot\share\interpreter\linkResolver.cpp, line 766]
Event: 0.273 Thread 0x00000276e611d010 Exception <a 'java/lang/NoSuchMethodError'{0x00000007111310b8}: 'java.lang.Object java.lang.invoke.DirectMethodHandle$Holder.newInvokeSpecial(java.lang.Object, java.lang.Object, java.lang.Object, java.lang.Object, java.lang.Object)'> (0x00000007111310b8) 
thrown [e:\jenkins\tmp\workspace\build\src\src\hotspot\share\interpreter\linkResolver.cpp, line 766]
Event: 0.274 Thread 0x00000276e611d010 Exception <a 'java/lang/NoSuchMethodError'{0x000000071113ccd0}: 'java.lang.Object java.lang.invoke.DirectMethodHandle$Holder.invokeStatic(java.lang.Object, int, java.lang.Object, java.lang.Object, java.lang.Object, java.lang.Object)'> (0x000000071113ccd0) 
thrown [e:\jenkins\tmp\workspace\build\src\src\hotspot\share\interpreter\linkResolver.cpp, line 766]
Event: 0.277 Thread 0x00000276e611d010 Exception <a 'java/lang/NoSuchMethodError'{0x0000000711162490}: 'java.lang.Object java.lang.invoke.DirectMethodHandle$Holder.invokeStatic(java.lang.Object, int, java.lang.Object)'> (0x0000000711162490) 
thrown [e:\jenkins\tmp\workspace\build\src\src\hotspot\share\interpreter\linkResolver.cpp, line 766]
Event: 0.293 Thread 0x00000276e611d010 Exception <a 'java/lang/ClassNotFoundException'{0x0000000710e1a390}: com/sun/swing/internal/plaf/metal/resources/spi/metalProvider> (0x0000000710e1a390) 
thrown [e:\jenkins\tmp\workspace\build\src\src\hotspot\share\classfile\systemDictionary.cpp, line 256]
Event: 0.293 Thread 0x00000276e611d010 Exception <a 'java/lang/ClassNotFoundException'{0x0000000710e1e268}: com/sun/swing/internal/plaf/basic/resources/spi/basicProvider> (0x0000000710e1e268) 
thrown [e:\jenkins\tmp\workspace\build\src\src\hotspot\share\classfile\systemDictionary.cpp, line 256]
Event: 0.406 Thread 0x00000276e611d010 Exception <a 'java/lang/NoSuchMethodError'{0x0000000710ca54f0}: 'java.lang.Object java.lang.invoke.DirectMethodHandle$Holder.invokeStaticInit(java.lang.Object, int, int, int, int)'> (0x0000000710ca54f0) 
thrown [e:\jenkins\tmp\workspace\build\src\src\hotspot\share\interpreter\linkResolver.cpp, line 766]
Event: 0.433 Thread 0x00000276e611d010 Exception <a 'java/lang/NoSuchMethodError'{0x0000000710d6cfa0}: 'java.lang.Object java.lang.invoke.DirectMethodHandle$Holder.invokeStaticInit(java.lang.Object, java.lang.Object, int, int, int, int)'> (0x0000000710d6cfa0) 
thrown [e:\jenkins\tmp\workspace\build\src\src\hotspot\share\interpreter\linkResolver.cpp, line 766]
Event: 0.558 Thread 0x00000276e611d010 Exception <a 'java/lang/NoSuchMethodError'{0x000000071026a280}: 'void java.lang.invoke.DirectMethodHandle$Holder.invokeStaticInit(java.lang.Object)'> (0x000000071026a280) 
thrown [e:\jenkins\tmp\workspace\build\src\src\hotspot\share\interpreter\linkResolver.cpp, line 766]
Event: 0.603 Thread 0x00000276ff8ab260 Exception <a 'java/lang/NoSuchMethodError'{0x0000000711076a30}: 'void java.lang.invoke.DirectMethodHandle$Holder.invokeVirtual(java.lang.Object, java.lang.Object)'> (0x0000000711076a30) 
thrown [e:\jenkins\tmp\workspace\build\src\src\hotspot\share\interpreter\linkResolver.cpp, line 766]
Event: 18.176 Thread 0x00000276ffe76c70 Implicit null exception at 0x00000276f1315cb0 to 0x00000276f1315d12

VM Operations (20 events):
Event: 8.464 Executing VM operation: G1CollectForAllocation
Event: 8.467 Executing VM operation: G1CollectForAllocation done
Event: 9.467 Executing VM operation: Cleanup
Event: 9.467 Executing VM operation: Cleanup done
Event: 10.468 Executing VM operation: Cleanup
Event: 10.468 Executing VM operation: Cleanup done
Event: 12.468 Executing VM operation: Cleanup
Event: 12.468 Executing VM operation: Cleanup done
Event: 14.469 Executing VM operation: Cleanup
Event: 14.469 Executing VM operation: Cleanup done
Event: 15.470 Executing VM operation: Cleanup
Event: 15.470 Executing VM operation: Cleanup done
Event: 17.470 Executing VM operation: Cleanup
Event: 17.470 Executing VM operation: Cleanup done
Event: 18.176 Executing VM operation: HandshakeAllThreads
Event: 18.176 Executing VM operation: HandshakeAllThreads done
Event: 19.176 Executing VM operation: Cleanup
Event: 19.176 Executing VM operation: Cleanup done
Event: 20.177 Executing VM operation: Cleanup
Event: 20.177 Executing VM operation: Cleanup done

Events (20 events):
Event: 20.574 loading class javax/imageio/ImageIO$ContainsFilter
Event: 20.574 loading class javax/imageio/ImageIO$ContainsFilter done
Event: 20.574 loading class javax/imageio/metadata/IIOMetadataNode
Event: 20.574 loading class org/w3c/dom/Element
Event: 20.574 loading class org/w3c/dom/Element done
Event: 20.574 loading class org/w3c/dom/NodeList
Event: 20.574 loading class org/w3c/dom/NodeList done
Event: 20.574 loading class javax/imageio/metadata/IIOMetadataNode done
Event: 20.574 loading class javax/imageio/metadata/IIOAttr
Event: 20.574 loading class org/w3c/dom/Attr
Event: 20.574 loading class org/w3c/dom/Attr done
Event: 20.574 loading class javax/imageio/metadata/IIOAttr done
Event: 20.574 loading class javax/imageio/metadata/IIONodeList
Event: 20.574 loading class javax/imageio/metadata/IIONodeList done
Event: 20.574 loading class javax/imageio/metadata/IIONamedNodeMap
Event: 20.574 loading class org/w3c/dom/NamedNodeMap
Event: 20.574 loading class org/w3c/dom/NamedNodeMap done
Event: 20.574 loading class javax/imageio/metadata/IIONamedNodeMap done
Event: 20.575 loading class javax/imageio/stream/FileCacheImageOutputStream
Event: 20.575 loading class javax/imageio/stream/FileCacheImageOutputStream done


Dynamic libraries:
0x00007ff745280000 - 0x00007ff74528e000 	C:\Users\james\.p2\pool\plugins\org.eclipse.justj.openjdk.hotspot.jre.full.win32.x86_64_17.0.2.v20220201-1208\jre\bin\javaw.exe
0x00007ffff7f10000 - 0x00007ffff8105000 	C:\WINDOWS\SYSTEM32\ntdll.dll
0x00007ffff6000000 - 0x00007ffff60bd000 	C:\WINDOWS\System32\KERNEL32.DLL
0x00007ffff56b0000 - 0x00007ffff597d000 	C:\WINDOWS\System32\KERNELBASE.dll
0x00007ffff5e60000 - 0x00007ffff5f60000 	C:\WINDOWS\System32\ucrtbase.dll
0x00007ffff2de0000 - 0x00007ffff2df8000 	C:\Users\james\.p2\pool\plugins\org.eclipse.justj.openjdk.hotspot.jre.full.win32.x86_64_17.0.2.v20220201-1208\jre\bin\jli.dll
0x00007ffff6ae0000 - 0x00007ffff6c80000 	C:\WINDOWS\System32\USER32.dll
0x00007ffff5bf0000 - 0x00007ffff5c12000 	C:\WINDOWS\System32\win32u.dll
0x00007ffff6e80000 - 0x00007ffff6eaa000 	C:\WINDOWS\System32\GDI32.dll
0x00007ffff5ae0000 - 0x00007ffff5beb000 	C:\WINDOWS\System32\gdi32full.dll
0x00007ffff5d50000 - 0x00007ffff5ded000 	C:\WINDOWS\System32\msvcp_win.dll
0x00007ffff11a0000 - 0x00007ffff11b9000 	C:\Users\james\.p2\pool\plugins\org.eclipse.justj.openjdk.hotspot.jre.full.win32.x86_64_17.0.2.v20220201-1208\jre\bin\VCRUNTIME140.dll
0x00007fffe36f0000 - 0x00007fffe398a000 	C:\WINDOWS\WinSxS\amd64_microsoft.windows.common-controls_6595b64144ccf1df_6.0.19041.1110_none_60b5254171f9507e\COMCTL32.dll
0x00007ffff5f60000 - 0x00007ffff5ffe000 	C:\WINDOWS\System32\msvcrt.dll
0x00007ffff6c80000 - 0x00007ffff6cb0000 	C:\WINDOWS\System32\IMM32.DLL
0x00007ffff2eb0000 - 0x00007ffff2ebc000 	C:\Users\james\.p2\pool\plugins\org.eclipse.justj.openjdk.hotspot.jre.full.win32.x86_64_17.0.2.v20220201-1208\jre\bin\vcruntime140_1.dll
0x00007fffebd10000 - 0x00007fffebda1000 	C:\Users\james\.p2\pool\plugins\org.eclipse.justj.openjdk.hotspot.jre.full.win32.x86_64_17.0.2.v20220201-1208\jre\bin\msvcp140.dll
0x00007fff95960000 - 0x00007fff965a7000 	C:\Users\james\.p2\pool\plugins\org.eclipse.justj.openjdk.hotspot.jre.full.win32.x86_64_17.0.2.v20220201-1208\jre\bin\server\jvm.dll
0x00007ffff7600000 - 0x00007ffff76ae000 	C:\WINDOWS\System32\ADVAPI32.dll
0x00007ffff76b0000 - 0x00007ffff774c000 	C:\WINDOWS\System32\sechost.dll
0x00007ffff60d0000 - 0x00007ffff61f5000 	C:\WINDOWS\System32\RPCRT4.dll
0x00007ffff60c0000 - 0x00007ffff60c8000 	C:\WINDOWS\System32\PSAPI.DLL
0x00007ffff2e20000 - 0x00007ffff2e29000 	C:\WINDOWS\SYSTEM32\WSOCK32.dll
0x00007fffe84a0000 - 0x00007fffe84c7000 	C:\WINDOWS\SYSTEM32\WINMM.dll
0x00007ffff7d60000 - 0x00007ffff7dcb000 	C:\WINDOWS\System32\WS2_32.dll
0x00007fffeff40000 - 0x00007fffeff4a000 	C:\WINDOWS\SYSTEM32\VERSION.dll
0x00007ffff3540000 - 0x00007ffff3552000 	C:\WINDOWS\SYSTEM32\kernel.appcore.dll
0x00007ffff2e50000 - 0x00007ffff2e5a000 	C:\Users\james\.p2\pool\plugins\org.eclipse.justj.openjdk.hotspot.jre.full.win32.x86_64_17.0.2.v20220201-1208\jre\bin\jimage.dll
0x00007fffe5ce0000 - 0x00007fffe5ec4000 	C:\WINDOWS\SYSTEM32\DBGHELP.DLL
0x00007fffde2b0000 - 0x00007fffde2dc000 	C:\WINDOWS\SYSTEM32\dbgcore.DLL
0x00007ffff5620000 - 0x00007ffff56a2000 	C:\WINDOWS\System32\bcryptPrimitives.dll
0x00007fffed2f0000 - 0x00007fffed315000 	C:\Users\james\.p2\pool\plugins\org.eclipse.justj.openjdk.hotspot.jre.full.win32.x86_64_17.0.2.v20220201-1208\jre\bin\java.dll
0x00007fffed2d0000 - 0x00007fffed2e8000 	C:\Users\james\.p2\pool\plugins\org.eclipse.justj.openjdk.hotspot.jre.full.win32.x86_64_17.0.2.v20220201-1208\jre\bin\zip.dll
0x00007ffff6eb0000 - 0x00007ffff75f4000 	C:\WINDOWS\System32\SHELL32.dll
0x00007ffff3740000 - 0x00007ffff3ed4000 	C:\WINDOWS\SYSTEM32\windows.storage.dll
0x00007ffff7970000 - 0x00007ffff7cc4000 	C:\WINDOWS\System32\combase.dll
0x00007ffff5080000 - 0x00007ffff50ac000 	C:\WINDOWS\SYSTEM32\Wldp.dll
0x00007ffff6d60000 - 0x00007ffff6e0d000 	C:\WINDOWS\System32\SHCORE.dll
0x00007ffff7e70000 - 0x00007ffff7ec5000 	C:\WINDOWS\System32\shlwapi.dll
0x00007ffff5560000 - 0x00007ffff557f000 	C:\WINDOWS\SYSTEM32\profapi.dll
0x00007fffe7d90000 - 0x00007fffe7f1e000 	C:\Users\james\.p2\pool\plugins\org.eclipse.justj.openjdk.hotspot.jre.full.win32.x86_64_17.0.2.v20220201-1208\jre\bin\awt.dll
0x00007ffff6200000 - 0x00007ffff62cd000 	C:\WINDOWS\System32\OLEAUT32.dll
0x00007ffff2ec0000 - 0x00007ffff2f50000 	C:\WINDOWS\SYSTEM32\apphelp.dll
0x00007ffff3360000 - 0x00007ffff338f000 	C:\WINDOWS\system32\DWMAPI.DLL
0x00007ffff3060000 - 0x00007ffff30fe000 	C:\WINDOWS\system32\uxtheme.dll
0x00007fffb1bc0000 - 0x00007fffb1ce6000 	C:\WINDOWS\system32\opengl32.dll
0x00007fffbb730000 - 0x00007fffbb75c000 	C:\WINDOWS\SYSTEM32\GLU32.dll
0x00007ffff6750000 - 0x00007ffff6865000 	C:\WINDOWS\System32\MSCTF.dll
0x00007ffff7840000 - 0x00007ffff796a000 	C:\WINDOWS\System32\ole32.dll
0x00007fffeb9f0000 - 0x00007fffebbbf000 	C:\WINDOWS\system32\d3d9.dll
0x00007fffecc90000 - 0x00007fffecd96000 	C:\WINDOWS\System32\DriverStore\FileRepository\nvmdi.inf_amd64_697983dd21312b3c\nvldumdx.dll
0x00007ffff5210000 - 0x00007ffff5222000 	C:\WINDOWS\SYSTEM32\msasn1.dll
0x00007fffeff00000 - 0x00007fffeff31000 	C:\WINDOWS\SYSTEM32\cryptnet.dll
0x00007ffff5980000 - 0x00007ffff5ad6000 	C:\WINDOWS\System32\CRYPT32.dll
0x00007fffedb00000 - 0x00007fffedc48000 	C:\WINDOWS\SYSTEM32\drvstore.dll
0x00007ffff53d0000 - 0x00007ffff53fc000 	C:\WINDOWS\SYSTEM32\devobj.dll
0x00007ffff5d00000 - 0x00007ffff5d4e000 	C:\WINDOWS\System32\cfgmgr32.dll
0x00007ffff4ff0000 - 0x00007ffff4ffc000 	C:\WINDOWS\SYSTEM32\cryptbase.dll
0x00007ffff5df0000 - 0x00007ffff5e58000 	C:\WINDOWS\System32\WINTRUST.DLL
0x00007ffff7e50000 - 0x00007ffff7e6d000 	C:\WINDOWS\System32\imagehlp.dll
0x00007ffff4fd0000 - 0x00007ffff4fe8000 	C:\WINDOWS\SYSTEM32\CRYPTSP.dll
0x00007ffff46f0000 - 0x00007ffff4724000 	C:\WINDOWS\system32\rsaenh.dll
0x00007ffff5c20000 - 0x00007ffff5c47000 	C:\WINDOWS\System32\bcrypt.dll
0x00007fff92fe0000 - 0x00007fff94775000 	C:\WINDOWS\System32\DriverStore\FileRepository\nvmdi.inf_amd64_697983dd21312b3c\nvd3dumx.dll
0x00007fffaca90000 - 0x00007fffacd55000 	C:\WINDOWS\system32\nvspcap64.dll
0x00007ffff4320000 - 0x00007ffff4353000 	C:\WINDOWS\SYSTEM32\ntmarta.dll
0x00007ffff3ef0000 - 0x00007ffff3f13000 	C:\WINDOWS\SYSTEM32\gpapi.dll
0x00007fffeed60000 - 0x00007fffeed9b000 	C:\WINDOWS\SYSTEM32\dxcore.dll
0x00007fffeb640000 - 0x00007fffeb6c9000 	C:\Users\james\.p2\pool\plugins\org.eclipse.justj.openjdk.hotspot.jre.full.win32.x86_64_17.0.2.v20220201-1208\jre\bin\freetype.dll
0x00007fffe7ce0000 - 0x00007fffe7d88000 	C:\Users\james\.p2\pool\plugins\org.eclipse.justj.openjdk.hotspot.jre.full.win32.x86_64_17.0.2.v20220201-1208\jre\bin\fontmanager.dll
0x00007fffeca50000 - 0x00007fffeca69000 	C:\Users\james\.p2\pool\plugins\org.eclipse.justj.openjdk.hotspot.jre.full.win32.x86_64_17.0.2.v20220201-1208\jre\bin\net.dll
0x00007fffeef40000 - 0x00007fffef04a000 	C:\WINDOWS\SYSTEM32\WINHTTP.dll
0x00007ffff4de0000 - 0x00007ffff4e4a000 	C:\WINDOWS\system32\mswsock.dll
0x00007fffebcf0000 - 0x00007fffebd05000 	C:\Users\james\.p2\pool\plugins\org.eclipse.justj.openjdk.hotspot.jre.full.win32.x86_64_17.0.2.v20220201-1208\jre\bin\nio.dll
0x00007ffff54e0000 - 0x00007ffff550e000 	C:\WINDOWS\SYSTEM32\USERENV.dll
0x00007ffff4a80000 - 0x00007ffff4abb000 	C:\WINDOWS\SYSTEM32\IPHLPAPI.DLL
0x00007ffff7830000 - 0x00007ffff7838000 	C:\WINDOWS\System32\NSI.dll
0x00007ffff0090000 - 0x00007ffff00a7000 	C:\WINDOWS\SYSTEM32\dhcpcsvc6.DLL
0x00007ffff0070000 - 0x00007ffff008d000 	C:\WINDOWS\SYSTEM32\dhcpcsvc.DLL
0x00007ffff4ac0000 - 0x00007ffff4b8b000 	C:\WINDOWS\SYSTEM32\DNSAPI.dll
0x00007fffebcc0000 - 0x00007fffebced000 	C:\Users\james\.p2\pool\plugins\org.eclipse.justj.openjdk.hotspot.jre.full.win32.x86_64_17.0.2.v20220201-1208\jre\bin\javajpeg.dll
0x00007ffff6cb0000 - 0x00007ffff6d59000 	C:\WINDOWS\System32\clbcatq.dll
0x00007fffef460000 - 0x00007fffef614000 	C:\WINDOWS\SYSTEM32\WindowsCodecs.dll
0x00007fffde870000 - 0x00007fffde8ae000 	C:\WINDOWS\system32\dataexchange.dll
0x00007ffff2030000 - 0x00007ffff2294000 	C:\WINDOWS\system32\d3d11.dll
0x00007ffff22a0000 - 0x00007ffff2485000 	C:\WINDOWS\system32\dcomp.dll
0x00007ffff3f20000 - 0x00007ffff4013000 	C:\WINDOWS\system32\dxgi.dll
0x00007fffefbb0000 - 0x00007fffefdb1000 	C:\WINDOWS\system32\twinapi.appcore.dll
0x00007fffe62d0000 - 0x00007fffe63c9000 	C:\WINDOWS\SYSTEM32\textinputframework.dll
0x00007ffff2810000 - 0x00007ffff2b6e000 	C:\WINDOWS\System32\CoreUIComponents.dll
0x00007ffff2b70000 - 0x00007ffff2c62000 	C:\WINDOWS\System32\CoreMessaging.dll
0x00007ffff1370000 - 0x00007ffff14c4000 	C:\WINDOWS\SYSTEM32\wintypes.dll

dbghelp: loaded successfully - version: 4.0.5 - missing functions: none
symbol engine: initialized successfully - sym options: 0x614 - pdb path: .;C:\Users\james\.p2\pool\plugins\org.eclipse.justj.openjdk.hotspot.jre.full.win32.x86_64_17.0.2.v20220201-1208\jre\bin;C:\WINDOWS\SYSTEM32;C:\WINDOWS\WinSxS\amd64_microsoft.windows.common-controls_6595b64144ccf1df_6.0.19041.1110_none_60b5254171f9507e;C:\Users\james\.p2\pool\plugins\org.eclipse.justj.openjdk.hotspot.jre.full.win32.x86_64_17.0.2.v20220201-1208\jre\bin\server;C:\WINDOWS\System32\DriverStore\FileRepository\nvmdi.inf_amd64_697983dd21312b3c

VM Arguments:
jvm_args: -Dfile.encoding=UTF-8 -XX:+ShowCodeDetailsInExceptionMessages 
java_command: BMPToJPG
java_class_path (initial): C:\Users\james\eclipse-workspace-new\COMP435 TME2\bin
Launcher Type: SUN_STANDARD

[Global flags]
     intx CICompilerCount                          = 3                                         {product} {ergonomic}
     uint ConcGCThreads                            = 2                                         {product} {ergonomic}
     uint G1ConcRefinementThreads                  = 6                                         {product} {ergonomic}
   size_t G1HeapRegionSize                         = 2097152                                   {product} {ergonomic}
    uintx GCDrainStackTargetSize                   = 64                                        {product} {ergonomic}
   size_t InitialHeapSize                          = 268435456                                 {product} {ergonomic}
   size_t MarkStackSize                            = 4194304                                   {product} {ergonomic}
   size_t MaxHeapSize                              = 4273995776                                {product} {ergonomic}
   size_t MaxNewSize                               = 2562719744                                {product} {ergonomic}
   size_t MinHeapDeltaBytes                        = 2097152                                   {product} {ergonomic}
   size_t MinHeapSize                              = 8388608                                   {product} {ergonomic}
    uintx NonNMethodCodeHeapSize                   = 5832780                                {pd product} {ergonomic}
    uintx NonProfiledCodeHeapSize                  = 122912730                              {pd product} {ergonomic}
    uintx ProfiledCodeHeapSize                     = 122912730                              {pd product} {ergonomic}
    uintx ReservedCodeCacheSize                    = 251658240                              {pd product} {ergonomic}
     bool SegmentedCodeCache                       = true                                      {product} {ergonomic}
     bool ShowCodeDetailsInExceptionMessages       = true                                   {manageable} {command line}
   size_t SoftMaxHeapSize                          = 4273995776                             {manageable} {ergonomic}
     bool UseCompressedClassPointers               = true                           {product lp64_product} {ergonomic}
     bool UseCompressedOops                        = true                           {product lp64_product} {ergonomic}
     bool UseG1GC                                  = true                                      {product} {ergonomic}
     bool UseLargePagesIndividualAllocation        = false                                  {pd product} {ergonomic}

Logging:
Log output configuration:
 #0: stdout all=warning uptime,level,tags
 #1: stderr all=off uptime,level,tags

Environment Variables:
CLASSPATH=C:\ThinkingInJava4;
PATH=C:/Program Files/Java/jdk-18/bin/server;C:/Program Files/Java/jdk-18/bin;C:\Program Files\Common Files\Oracle\Java\javapath;C:\Program Files (x86)\Razer Chroma SDK\bin;C:\Program Files\Razer Chroma SDK\bin;C:\Program Files (x86)\Razer\ChromaBroadcast\bin;C:\Program Files\Razer\ChromaBroadcast\bin;C:\Program Files (x86)\Common Files\Oracle\Java\javapath;C:\Windows\system32;C:\Windows;C:\Windows\System32\Wbem;C:\Windows\System32\WindowsPowerShell\v1.0\;C:\Windows\System32\OpenSSH\;C:\Program Files (x86)\NVIDIA Corporation\PhysX\Common;C:\Program Files\NVIDIA Corporation\NVIDIA NvDLISR;C:\Windows\system32\config\systemprofile\AppData\Local\Microsoft\WindowsApps;C:\WINDOWS\system32;C:\WINDOWS;C:\WINDOWS\System32\Wbem;C:\WINDOWS\System32\WindowsPowerShell\v1.0\;C:\WINDOWS\System32\OpenSSH\;C:\Program Files\nodejs\;C:\Program Files\Git\cmd;C:\Program Files\dotnet\;C:\Users\james\AppData\Local\Microsoft\WindowsApps;C:\Users\james\AppData\Roaming\npm;C:\Users\james\AppData\Local\GitHubDesktop\bin;C:\Users\james\.dotnet\tools;C:\Users\james\OneDrive\Desktop;
USERNAME=james
OS=Windows_NT
PROCESSOR_IDENTIFIER=Intel64 Family 6 Model 158 Stepping 13, GenuineIntel



---------------  S Y S T E M  ---------------

OS:
 Windows 10 , 64 bit Build 19041 (10.0.19041.1706)
OS uptime: 2 days 12:02 hours

CPU: total 6 (initial active 6) (6 cores per cpu, 1 threads per core) family 6 model 158 stepping 13 microcode 0xb4, cx8, cmov, fxsr, mmx, 3dnowpref, sse, sse2, sse3, ssse3, sse4.1, sse4.2, popcnt, lzcnt, tsc, tscinvbit, avx, avx2, aes, erms, clmul, bmi1, bmi2, rtm, adx, fma, vzeroupper, clflush, clflushopt

Memory: 4k page, system-wide physical 16303M (9845M free)
TotalPageFile size 18863M (AvailPageFile size 9363M)
current process WorkingSet (physical memory assigned to process): 124M, peak: 133M
current process commit charge ("private bytes"): 421M, peak: 429M

vm_info: OpenJDK 64-Bit Server VM (17.0.2+8) for windows-amd64 JRE (17.0.2+8), built on Jan 20 2022 04:52:34 by "" with MS VC++ 16.7 (VS2019)

END.
